<?xml version="1.0" encoding="UTF-8"?><testsuite errors="0" failures="1" name="com.restful.booker.restfulbookerinfo.BookingCRUDTestwithStep" skipped="0" tests="1" time="4.26" timestamp="2023-01-03T22:54:10.773Z[Europe/London]"><testcase classname="com.restful.booker.restfulbookerinfo.BookingCRUDTestwithStep" name="This will create booking user"><failure message="1 expectation failed.&#10;Expected status code &lt;200&gt; but was &lt;500&gt;.&#10;" type="java.lang.AssertionError">1 expectation failed.
Expected status code &lt;200&gt; but was &lt;500&gt;.
</failure><system-err>1 expectation failed.
Expected status code &lt;200&gt; but was &lt;500&gt;.
&#13;
io.restassured.internal.ResponseSpecificationImpl.validateResponseIfRequired(ResponseSpecificationImpl.groovy:636)&#13;
io.restassured.internal.ResponseSpecificationImpl.statusCode(ResponseSpecificationImpl.groovy:122)&#13;
io.restassured.internal.ResponseSpecificationImpl.statusCode(ResponseSpecificationImpl.groovy:130)&#13;
io.restassured.internal.ValidatableResponseOptionsImpl.statusCode(ValidatableResponseOptionsImpl.java:117)&#13;
com.restful.booker.restfulbookerinfo.BookingCRUDTestwithStep.test002(BookingCRUDTestwithStep.java:50)&#13;
</system-err></testcase></testsuite>